exomedia/build/intermediates/manifest_merge_blame_file/debug/manifest-merger-blame-debug-report.txt
1<?xml version="1.0" encoding="utf-8"?>
2<manifest xmlns:android="http://schemas.android.com/apk/res/android"
3    package="com.devbrackets.android.exomedia" >
4
5    <uses-sdk
5-->src\main\AndroidManifest.xml:3:5-16
6        android:minSdkVersion="18"
6-->src\main\AndroidManifest.xml:3:5-16
7        android:targetSdkVersion="30" />
7-->src\main\AndroidManifest.xml:3:5-16
8
9    <application />
9-->src\main\AndroidManifest.xml:4:5-20
10
11</manifest>